sample.interval=20000
"max" "get.database" "get.id" 
"get.database" "get.id" 
"max" "get.database" "get.id" 
"stats::var" 
"stats::var" 
"stats::var" 
"$" 
"close.connection" "close" "capture.output" "doTryCatch" "tryCatchOne" "tryCatchList" "tryCatch" ".rs.withTimeLimit" ".rs.valueFromStr" ".rs.valueContentsImpl" "doTryCatch" "tryCatchOne" "tryCatchList" "tryCatch" ".rs.valueContents" ".rs.describeObject" 
"get.database" "get.id" 
"get.database" "get.id" 
"get.database" "get.id" 
"get.id" 
"stats::var" 
"stats::var" 
"stats::var" 
"abs" 
"get.database" "get.id" 
"get.database" "get.id" 
"paste" "get.id" 
"is.na" 
"stats::var" 
"stats::var" 
"stats::var" 
"str" "doTryCatch" "tryCatchOne" "tryCatchList" "tryCatch" "try" "...elt" "withVisible" "capture.output" "doTryCatch" "tryCatchOne" "tryCatchList" "tryCatch" ".rs.withTimeLimit" ".rs.valueFromStr" ".rs.valueAsStringImpl" "doTryCatch" "tryCatchOne" "tryCatchList" "tryCatch" ".rs.valueAsString" ".rs.describeObject" 
