sample.interval=20000
"$" "is.data.frame" "rowMeans" "breeding.diploid" "Test_compute" 
"rowMeans" "breeding.diploid" "Test_compute" 
"breeding.diploid" "Test_compute" 
"getNamespace" "asNamespace" "getExportedValue" "::" "matrix" "breeding.diploid" "Test_compute" 
"is.data.frame" "rowMeans" "breeding.diploid" "Test_compute" 
"$" "breeding.diploid" "Test_compute" 
"breeding.diploid" "Test_compute" 
"$<-" "breeding.diploid" "Test_compute" 
"$" "breeding.diploid" "Test_compute" 
"matrix" "breeding.diploid" "Test_compute" 
"$<-" "breeding.diploid" "Test_compute" 
"rowMeans" "breeding.diploid" "Test_compute" 
"breeding.diploid" "Test_compute" 
"array" "breeding.diploid" "Test_compute" 
"miraculix::relationshipMatrix" "breeding.diploid" "Test_compute" 
"miraculix::relationshipMatrix" "breeding.diploid" "Test_compute" 
"miraculix::solveRelMat" "breeding.diploid" "Test_compute" 
"vapply" "order" "sort.int" "sort.default" "sort" "breeding.diploid" "Test_compute" 
"sort.int" "sort.default" "sort" "breeding.intern" "breeding.diploid" "Test_compute" 
"unique" "diff" "breeding.intern" "breeding.diploid" "Test_compute" 
"breeding.intern" "breeding.diploid" "Test_compute" 
"get0" "getExportedValue" "::" "breeding.diploid" "Test_compute" 
"decodeGeno" "miraculix::computeSNPS" "calculate.bv" "breeding.diploid" "Test_compute" 
"is.factor" "unique.default" "unique" "breeding.intern" "breeding.diploid" "Test_compute" 
"rbind" "breeding.intern" "breeding.diploid" "Test_compute" 
"miraculix::computeSNPS" "calculate.bv" "breeding.diploid" "Test_compute" 
"unique.default" "unique" "breeding.intern" "breeding.diploid" "Test_compute" 
"order" "sort.int" "sort.default" "sort" "breeding.intern" "breeding.diploid" "Test_compute" 
"pmatch" "match.arg" "order" "sort.int" "sort.default" "sort" "breeding.intern" "breeding.diploid" "Test_compute" 
"breeding.intern" "breeding.diploid" "Test_compute" 
"getExportedValue" "::" "breeding.intern" "breeding.diploid" "Test_compute" 
"$" "breeding.diploid" "Test_compute" 
"breeding.intern" "breeding.diploid" "Test_compute" 
"breeding.intern" "breeding.diploid" "Test_compute" 
"sum" "breeding.intern" "breeding.diploid" "Test_compute" 
"sum" "breeding.intern" "breeding.diploid" "Test_compute" 
".getNamespaceInfo" "getExportedValue" "::" "breeding.diploid" "Test_compute" 
"calculate.bv" "breeding.diploid" "Test_compute" 
"mean" "breeding.diploid" "Test_compute" 
"eval" "match.arg" "order" "sort.int" "sort.default" "sort" "breeding.intern" "breeding.diploid" "Test_compute" 
"miraculix::computeSNPS" "calculate.bv" "breeding.diploid" "Test_compute" 
"unique" "breeding.intern" "breeding.diploid" "Test_compute" 
"order" "sort.int" "sort.default" "sort" "breeding.intern" "breeding.diploid" "Test_compute" 
"breeding.intern" "breeding.diploid" "Test_compute" 
"$" "breeding.diploid" "Test_compute" 
"breeding.intern" "breeding.diploid" "Test_compute" 
"sum" "unique" "breeding.intern" "breeding.diploid" "Test_compute" 
"breeding.intern" "breeding.diploid" "Test_compute" 
"breeding.diploid" "Test_compute" 
"breeding.intern" "breeding.diploid" "Test_compute" 
"breeding.diploid" "Test_compute" 
"breeding.intern" "breeding.diploid" "Test_compute" 
"c" "breeding.intern" "breeding.diploid" "Test_compute" 
"$" "utils::setTxtProgressBar" "breeding.diploid" "Test_compute" 
"unique" "breeding.intern" "breeding.diploid" "Test_compute" 
"breeding.intern" "breeding.diploid" "Test_compute" 
"getExportedValue" "::" "breeding.intern" "breeding.diploid" "Test_compute" 
"cat" "pb$up" "utils::setTxtProgressBar" "breeding.diploid" "Test_compute" 
"$" "which" "breeding.diploid" "Test_compute" 
"breeding.intern" "breeding.diploid" "Test_compute" 
"sort" "breeding.intern" "breeding.diploid" "Test_compute" 
"sort.int" "sort.default" "sort" "breeding.intern" "breeding.diploid" "Test_compute" 
"rbind" "breeding.intern" "breeding.diploid" "Test_compute" 
"order" "sort.int" "sort.default" "sort" "breeding.intern" "breeding.diploid" "Test_compute" 
"breeding.intern" "breeding.diploid" "Test_compute" 
"getNamespace" "asNamespace" "getExportedValue" "::" "breeding.intern" "breeding.diploid" "Test_compute" 
"sort.int" "sort.default" "sort" "breeding.intern" "breeding.diploid" "Test_compute" 
"Sys.time" "breeding.diploid" "Test_compute" 
"breeding.diploid" "Test_compute" 
"sort" "breeding.intern" "breeding.diploid" "Test_compute" 
"decodeGeno" "miraculix::computeSNPS" "calculate.bv" "breeding.diploid" "Test_compute" 
"decodeGeno" "miraculix::computeSNPS" "calculate.bv" "breeding.diploid" "Test_compute" 
"unique" "breeding.intern" "breeding.diploid" "Test_compute" 
"doTryCatch" "tryCatchOne" "tryCatchList" "tryCatch" "base::try" "cat" "pb$up" "utils::setTxtProgressBar" "breeding.diploid" "Test_compute" 
".POSIXct" "Sys.time" "breeding.diploid" "Test_compute" 
"breeding.diploid" "Test_compute" 
"match.arg" "order" "sort.int" "sort.default" "sort" "breeding.intern" "breeding.diploid" "Test_compute" 
"decodeGeno" "miraculix::computeSNPS" "calculate.bv" "breeding.diploid" "Test_compute" 
"$<-" "breeding.diploid" "Test_compute" 
